<?xml version="1.0" encoding="UTF-8"?>
<!-- Generated by org.testng.reporters.JUnitReportReporter -->
<testsuite hostname="Saranyas-MacBook-Pro.local" failures="0" tests="7" name="test.SpreeTest" time="153.842" errors="0" timestamp="2021-03-14T15:46:37 IST" skipped="0">
  <testcase classname="test.SpreeTest" name="verifySearch" time="32.053"/>
  <system-out>
    <![CDATA[verifySearch PASSED]]>
  </system-out>
  <testcase classname="test.SpreeTest" name="verifySearch" time="19.016"/>
  <system-out>
    <![CDATA[verifySearch PASSED]]>
  </system-out>
  <testcase classname="test.SpreeTest" name="verifyDisplayedProducts" time="12.638"/>
  <system-out>
    <![CDATA[verifyDisplayedProducts PASSED]]>
  </system-out>
  <testcase classname="test.SpreeTest" name="verifyDisplayedProducts" time="24.987"/>
  <system-out>
    <![CDATA[verifyDisplayedProducts PASSED]]>
  </system-out>
  <testcase classname="test.SpreeTest" name="verifyDisplayedProducts" time="20.499"/>
  <system-out>
    <![CDATA[verifyDisplayedProducts PASSED]]>
  </system-out>
  <testcase classname="test.SpreeTest" name="validateOrderAmount" time="18.921"/>
  <system-out>
    <![CDATA[validateOrderAmount PASSED]]>
  </system-out>
  <testcase classname="test.SpreeTest" name="verifyCartIsEmpty" time="25.728"/>
  <system-out>
    <![CDATA[verifyCartIsEmpty PASSED]]>
  </system-out>
</testsuite> <!-- test.SpreeTest -->
